# JRE version: Java(TM) SE Runtime Environment (17.0.5+9) (build 17.0.5+9-LTS-191)
# Java VM: Java HotSpot(TM) 64-Bit Server VM (17.0.5+9-LTS-191, mixed mode, sharing, tiered, compressed oops, compressed class ptrs, g1 gc, windows-amd64)
GC Precious Log:
 CPUs: 12 total, 12 available
 Memory: 5996M
 Large Page Support: Disabled
 NUMA Support: Disabled
 Compressed Oops: Enabled (32-bit)
 Heap Region Size: 1M
 Heap Min Capacity: 8M
 Heap Initial Capacity: 94M
 Heap Max Capacity: 1500M
 Pre-touch: Disabled
 Parallel Workers: 10
 Concurrent Workers: 3
 Concurrent Refinement Workers: 10
 Periodic GC: Disabled
Heap:
 garbage-first heap   total 95232K, used 44808K [0x00000000a2400000, 0x0000000100000000)
  region size 1024K, 10 young (10240K), 4 survivors (4096K)
 Metaspace       used 75204K, committed 75776K, reserved 1122304K
  class space    used 9969K, committed 10240K, reserved 1048576K
GC Heap History (20 events):
Event: 3.412 GC heap before
{Heap before GC invocations=8 (full 0):
 garbage-first heap   total 55296K, used 38960K [0x00000000a2400000, 0x0000000100000000)
  region size 1024K, 23 young (23552K), 3 survivors (3072K)
 Metaspace       used 32254K, committed 32576K, reserved 1081344K
  class space    used 4215K, committed 4416K, reserved 1048576K
}
Event: 3.421 GC heap after
{Heap after GC invocations=9 (full 0):
 garbage-first heap   total 98304K, used 20245K [0x00000000a2400000, 0x0000000100000000)
  region size 1024K, 2 young (2048K), 2 survivors (2048K)
 Metaspace       used 32254K, committed 32576K, reserved 1081344K
  class space    used 4215K, committed 4416K, reserved 1048576K
}
Event: 3.802 GC heap before
{Heap before GC invocations=9 (full 0):
 garbage-first heap   total 98304K, used 40725K [0x00000000a2400000, 0x0000000100000000)
  region size 1024K, 23 young (23552K), 2 survivors (2048K)
 Metaspace       used 35598K, committed 35968K, reserved 1081344K
  class space    used 4694K, committed 4864K, reserved 1048576K
}
Event: 3.809 GC heap after
{Heap after GC invocations=10 (full 0):
 garbage-first heap   total 98304K, used 21596K [0x00000000a2400000, 0x0000000100000000)
  region size 1024K, 4 young (4096K), 4 survivors (4096K)
 Metaspace       used 35598K, committed 35968K, reserved 1081344K
  class space    used 4694K, committed 4864K, reserved 1048576K
}
Event: 4.797 GC heap before
{Heap before GC invocations=11 (full 0):
 garbage-first heap   total 78848K, used 64604K [0x00000000a2400000, 0x0000000100000000)
  region size 1024K, 46 young (47104K), 4 survivors (4096K)
 Metaspace       used 49350K, committed 49792K, reserved 1097728K
  class space    used 6625K, committed 6848K, reserved 1048576K
}
Event: 4.810 GC heap after
{Heap after GC invocations=12 (full 0):
 garbage-first heap   total 78848K, used 25569K [0x00000000a2400000, 0x0000000100000000)
  region size 1024K, 6 young (6144K), 6 survivors (6144K)
 Metaspace       used 49350K, committed 49792K, reserved 1097728K
  class space    used 6625K, committed 6848K, reserved 1048576K
}
Event: 5.321 GC heap before
{Heap before GC invocations=12 (full 0):
 garbage-first heap   total 78848K, used 59361K [0x00000000a2400000, 0x0000000100000000)
  region size 1024K, 39 young (39936K), 6 survivors (6144K)
 Metaspace       used 54734K, committed 55104K, reserved 1097728K
  class space    used 7440K, committed 7616K, reserved 1048576K
}
Event: 5.332 GC heap after
{Heap after GC invocations=13 (full 0):
 garbage-first heap   total 78848K, used 27564K [0x00000000a2400000, 0x0000000100000000)
  region size 1024K, 2 young (2048K), 2 survivors (2048K)
 Metaspace       used 54734K, committed 55104K, reserved 1097728K
  class space    used 7440K, committed 7616K, reserved 1048576K
}
Event: 5.881 GC heap before
{Heap before GC invocations=13 (full 0):
 garbage-first heap   total 78848K, used 61356K [0x00000000a2400000, 0x0000000100000000)
  region size 1024K, 35 young (35840K), 2 survivors (2048K)
 Metaspace       used 59290K, committed 59712K, reserved 1105920K
  class space    used 8053K, committed 8256K, reserved 1048576K
}
Event: 5.886 GC heap after
{Heap after GC invocations=14 (full 0):
 garbage-first heap   total 78848K, used 29034K [0x00000000a2400000, 0x0000000100000000)
  region size 1024K, 4 young (4096K), 4 survivors (4096K)
 Metaspace       used 59290K, committed 59712K, reserved 1105920K
  class space    used 8053K, committed 8256K, reserved 1048576K
}
Event: 5.913 GC heap before
{Heap before GC invocations=14 (full 0):
 garbage-first heap   total 78848K, used 31082K [0x00000000a2400000, 0x0000000100000000)
  region size 1024K, 7 young (7168K), 4 survivors (4096K)
 Metaspace       used 59814K, committed 60160K, reserved 1105920K
  class space    used 8116K, committed 8320K, reserved 1048576K
}
Event: 5.919 GC heap after
{Heap after GC invocations=15 (full 0):
 garbage-first heap   total 95232K, used 29236K [0x00000000a2400000, 0x0000000100000000)
  region size 1024K, 3 young (3072K), 3 survivors (3072K)
 Metaspace       used 59814K, committed 60160K, reserved 1105920K
  class space    used 8116K, committed 8320K, reserved 1048576K
}
Event: 6.235 GC heap before
{Heap before GC invocations=16 (full 0):
 garbage-first heap   total 95232K, used 74292K [0x00000000a2400000, 0x0000000100000000)
  region size 1024K, 47 young (48128K), 3 survivors (3072K)
 Metaspace       used 61413K, committed 61760K, reserved 1105920K
  class space    used 8351K, committed 8512K, reserved 1048576K
}
Event: 6.238 GC heap after
{Heap after GC invocations=17 (full 0):
 garbage-first heap   total 95232K, used 30823K [0x00000000a2400000, 0x0000000100000000)
  region size 1024K, 4 young (4096K), 4 survivors (4096K)
 Metaspace       used 61413K, committed 61760K, reserved 1105920K
  class space    used 8351K, committed 8512K, reserved 1048576K
}
Event: 6.761 GC heap before
{Heap before GC invocations=17 (full 0):
 garbage-first heap   total 95232K, used 75879K [0x00000000a2400000, 0x0000000100000000)
  region size 1024K, 48 young (49152K), 4 survivors (4096K)
 Metaspace       used 64500K, committed 64896K, reserved 1105920K
  class space    used 8764K, committed 8960K, reserved 1048576K
}
Event: 6.767 GC heap after
{Heap after GC invocations=18 (full 0):
 garbage-first heap   total 95232K, used 33711K [0x00000000a2400000, 0x0000000100000000)
  region size 1024K, 5 young (5120K), 5 survivors (5120K)
 Metaspace       used 64500K, committed 64896K, reserved 1105920K
  class space    used 8764K, committed 8960K, reserved 1048576K
}
Event: 7.242 GC heap before
{Heap before GC invocations=18 (full 0):
 garbage-first heap   total 95232K, used 74671K [0x00000000a2400000, 0x0000000100000000)
  region size 1024K, 46 young (47104K), 5 survivors (5120K)
 Metaspace       used 68174K, committed 68608K, reserved 1114112K
  class space    used 9239K, committed 9472K, reserved 1048576K
}
Event: 7.249 GC heap after
{Heap after GC invocations=19 (full 0):
 garbage-first heap   total 95232K, used 36736K [0x00000000a2400000, 0x0000000100000000)
  region size 1024K, 6 young (6144K), 6 survivors (6144K)
 Metaspace       used 68174K, committed 68608K, reserved 1114112K
  class space    used 9239K, committed 9472K, reserved 1048576K
}
Event: 2653.190 GC heap before
{Heap before GC invocations=19 (full 0):
 garbage-first heap   total 95232K, used 75648K [0x00000000a2400000, 0x0000000100000000)
  region size 1024K, 45 young (46080K), 6 survivors (6144K)
 Metaspace       used 74863K, committed 75456K, reserved 1122304K
  class space    used 9963K, committed 10240K, reserved 1048576K
}
Event: 2653.245 GC heap after
{Heap after GC invocations=20 (full 0):
 garbage-first heap   total 95232K, used 39688K [0x00000000a2400000, 0x0000000100000000)
  region size 1024K, 4 young (4096K), 4 survivors (4096K)
 Metaspace       used 74863K, committed 75456K, reserved 1122304K
  class space    used 9963K, committed 10240K, reserved 1048576K
}

